::1 - - [08/Jan/2018:13:56:53 -0200] "GET /phpmyadmin HTTP/1.1" 301 241
::1 - - [08/Jan/2018:13:56:53 -0200] "GET /phpmyadmin/ HTTP/1.1" 200 8063
::1 - - [08/Jan/2018:13:56:54 -0200] "GET /phpmyadmin/js/get_scripts.js.php?scripts[]=jquery/jquery-1.8.3.js&scripts[]=ajax.js&scripts[]=keyhandler.js&scripts[]=jquery/jquery-ui-1.9.2.custom.js&scripts[]=jquery/jquery.sprintf.js&scripts[]=jquery/jquery.cookie.js&scripts[]=jquery/jquery.mousewheel.js&scripts[]=jquery/jquery.event.drag-2.2.js&scripts[]=jquery/jquery-ui-timepicker-addon.js&scripts[]=jquery/jquery.ba-hashchange-1.3.js&scripts[]=jquery/jquery.debounce-1.0.5.js&scripts[]=jquery/jquery.menuResizer-1.0.js&scripts[]=rte.js&scripts[]=functions.js&scripts[]=navigation.js&scripts[]=indexes.js&scripts[]=common.js&scripts[]=codemirror/lib/codemirror.js&scripts[]=codemirror/mode/mysql/mysql.js HTTP/1.1" 200 578621
::1 - - [08/Jan/2018:13:56:54 -0200] "GET /phpmyadmin/phpmyadmin.css.php?server=1&token=61628a89736a9be0daa1bda002a45792&nocache=4514400626ltr HTTP/1.1" 200 92653
::1 - - [08/Jan/2018:13:56:54 -0200] "GET /phpmyadmin/js/messages.php?lang=pt&db=&server=0&token=65760f0853f1319a76321486f528e232 HTTP/1.1" 200 18108
::1 - - [08/Jan/2018:13:56:54 -0200] "GET /phpmyadmin/themes/pmahomme/img/logo_right.png HTTP/1.1" 200 4548
::1 - - [08/Jan/2018:13:56:54 -0200] "GET /phpmyadmin/themes/dot.gif HTTP/1.1" 200 43
::1 - - [08/Jan/2018:13:56:54 -0200] "GET /phpmyadmin/js/get_image.js.php?theme=pmahomme HTTP/1.1" 200 6364
::1 - - [08/Jan/2018:13:56:54 -0200] "GET /phpmyadmin/themes/pmahomme/img/sprites.png HTTP/1.1" 200 61899
::1 - - [08/Jan/2018:13:56:58 -0200] "POST /phpmyadmin/index.php HTTP/1.1" 302 -
::1 - - [08/Jan/2018:13:56:58 -0200] "GET /phpmyadmin/index.php?token=61628a89736a9be0daa1bda002a45792 HTTP/1.1" 200 47295
::1 - - [08/Jan/2018:13:56:58 -0200] "GET /phpmyadmin/phpmyadmin.css.php?server=1&token=61628a89736a9be0daa1bda002a45792&nocache=6029827644ltr HTTP/1.1" 200 92653
::1 - - [08/Jan/2018:13:56:59 -0200] "GET /phpmyadmin/themes/pmahomme/img/logo_left.png HTTP/1.1" 200 2327
::1 - - [08/Jan/2018:13:56:59 -0200] "GET /phpmyadmin/themes/pmahomme/img/ajax_clock_small.gif HTTP/1.1" 200 1810
::1 - - [08/Jan/2018:13:56:58 -0200] "GET /phpmyadmin/js/messages.php?lang=pt&db=&server=0&token=61628a89736a9be0daa1bda002a45792 HTTP/1.1" 200 18108
::1 - - [08/Jan/2018:13:56:59 -0200] "GET /phpmyadmin/themes/pmahomme/img/left_nav_bg.png HTTP/1.1" 200 297
::1 - - [08/Jan/2018:13:56:59 -0200] "GET /phpmyadmin/version_check.php?&_nocache=1515427019195272648 HTTP/1.1" 200 39
::1 - - [08/Jan/2018:13:57:01 -0200] "GET /phpmyadmin/server_databases.php?db=&token=61628a89736a9be0daa1bda002a45792&ajax_request=true&ajax_page_request=true&menuHashes=36b5881f&_nocache=1515427021514794581 HTTP/1.1" 200 40279
::1 - - [08/Jan/2018:13:57:01 -0200] "GET /phpmyadmin/themes/pmahomme/img/arrow_ltr.png HTTP/1.1" 200 139
::1 - - [08/Jan/2018:13:57:01 -0200] "GET /phpmyadmin/js/get_scripts.js.php?scripts[]=server_databases.js HTTP/1.1" 200 1818
::1 - - [08/Jan/2018:13:57:08 -0200] "GET /phpmyadmin/themes/pmahomme/jquery/images/ui-bg_flat_75_ffffff_40x100.png HTTP/1.1" 200 178
::1 - - [08/Jan/2018:13:57:08 -0200] "GET /phpmyadmin/themes/pmahomme/jquery/images/ui-icons_222222_256x240.png HTTP/1.1" 200 4369
::1 - - [08/Jan/2018:13:57:08 -0200] "GET /phpmyadmin/themes/pmahomme/jquery/images/ui-bg_highlight-soft_75_cccccc_1x100.png HTTP/1.1" 200 101
::1 - - [08/Jan/2018:13:57:08 -0200] "GET /phpmyadmin/themes/pmahomme/jquery/images/ui-bg_glass_75_e6e6e6_1x400.png HTTP/1.1" 200 110
::1 - - [08/Jan/2018:13:57:08 -0200] "GET /phpmyadmin/themes/pmahomme/jquery/images/ui-bg_flat_0_aaaaaa_40x100.png HTTP/1.1" 200 180
::1 - - [08/Jan/2018:13:57:08 -0200] "GET /phpmyadmin/themes/pmahomme/jquery/images/ui-bg_glass_75_dadada_1x400.png HTTP/1.1" 200 159
::1 - - [08/Jan/2018:13:57:08 -0200] "GET /phpmyadmin/themes/pmahomme/jquery/images/ui-bg_glass_65_ffffff_1x400.png HTTP/1.1" 200 105
::1 - - [08/Jan/2018:13:57:08 -0200] "POST /phpmyadmin/server_databases.php?pos=0&dbstats=0&sort_by=SCHEMA_NAME&sort_order=asc&drop_selected_dbs=1&token=61628a89736a9be0daa1bda002a45792&selected_dbs%5B%5D=escrevecaixa&drop_selected_dbs=1&is_js_confirmed=1&ajax_request=true HTTP/1.1" 200 181
::1 - - [08/Jan/2018:13:57:09 -0200] "POST /phpmyadmin/navigation.php?ajax_request=1&token=61628a89736a9be0daa1bda002a45792 HTTP/1.1" 200 683
::1 - - [08/Jan/2018:13:57:09 -0200] "GET /phpmyadmin/db_structure.php?token=61628a89736a9be0daa1bda002a45792&db=lifebox&ajax_request=true&ajax_page_request=true&menuHashes=36b5881f-f561c270&_nocache=1515427029992416906 HTTP/1.1" 200 18601
::1 - - [08/Jan/2018:13:57:10 -0200] "GET /phpmyadmin/js/get_scripts.js.php?scripts[]=db_structure.js&scripts[]=tbl_change.js HTTP/1.1" 200 12382
::1 - - [08/Jan/2018:13:57:16 -0200] "GET /phpmyadmin/sql.php?db=lifebox&token=61628a89736a9be0daa1bda002a45792&goto=db_structure.php&table=identificacao&reload=1&purge=1&sql_query=DROP+TABLE+%60identificacao%60&message_to_show=A+tabela+identificacao+foi+eliminada&is_js_confirmed=1&ajax_request=true&_nocache=1515427036664568109 HTTP/1.1" 200 1833
::1 - - [08/Jan/2018:13:57:16 -0200] "POST /phpmyadmin/navigation.php?ajax_request=1&token=61628a89736a9be0daa1bda002a45792 HTTP/1.1" 200 683
::1 - - [08/Jan/2018:13:57:18 -0200] "GET /phpmyadmin/sql.php?db=lifebox&token=61628a89736a9be0daa1bda002a45792&goto=db_structure.php&table=templog&reload=1&purge=1&sql_query=DROP+TABLE+%60templog%60&message_to_show=A+tabela+templog+foi+eliminada&is_js_confirmed=1&ajax_request=true&_nocache=1515427038363939691 HTTP/1.1" 200 1785
::1 - - [08/Jan/2018:13:57:18 -0200] "POST /phpmyadmin/navigation.php?ajax_request=1&token=61628a89736a9be0daa1bda002a45792 HTTP/1.1" 200 683
::1 - - [08/Jan/2018:13:57:20 -0200] "GET /phpmyadmin/sql.php?db=lifebox&token=61628a89736a9be0daa1bda002a45792&goto=db_structure.php&table=usuario&reload=1&purge=1&sql_query=DROP+TABLE+%60usuario%60&message_to_show=A+tabela+usuario+foi+eliminada&is_js_confirmed=1&ajax_request=true&_nocache=1515427040230993333 HTTP/1.1" 200 1785
::1 - - [08/Jan/2018:13:57:20 -0200] "POST /phpmyadmin/navigation.php?ajax_request=1&token=61628a89736a9be0daa1bda002a45792 HTTP/1.1" 200 683
